<?xml version="1.0" encoding="UTF-8"?>
<robot generator="Robot 7.4.1 (Python 3.14.2 on win32)" generated="2026-02-02T14:46:14.552662" rpa="false" schemaversion="5">
<suite id="s1" name="Jurasstina-Kalle-Park" source="C:\Users\diego\PycharmProjects\Jurasstina-Kalle-Park">
<suite id="s1-s1" name="Test" source="C:\Users\diego\PycharmProjects\Jurasstina-Kalle-Park\test">
<suite id="s1-s1-s1" name="Jurasic" source="C:\Users\diego\PycharmProjects\Jurasstina-Kalle-Park\test\Jurasic.robot">
<test id="s1-s1-s1-t1" name="Webbtestning av Jurasstina-Kalle Park" line="8">
<kw name="Open Browser" owner="SeleniumLibrary">
<msg time="2026-02-02T14:46:14.812062" level="INFO">Opening browser 'chrome' to base url 'http://127.0.0.1:8000/jurap.html'.</msg>
<arg>http://127.0.0.1:8000/jurap.html</arg>
<arg>chrome</arg>
<doc>Opens a new browser instance to the optional ``url``.</doc>
<status status="PASS" start="2026-02-02T14:46:14.811776" elapsed="1.094790"/>
</kw>
<status status="PASS" start="2026-02-02T14:46:14.810454" elapsed="1.101388"/>
</test>
<doc>Tests para Jurasstina-Kalle Park</doc>
<status status="PASS" start="2026-02-02T14:46:14.598365" elapsed="1.315733"/>
</suite>
<status status="PASS" start="2026-02-02T14:46:14.596335" elapsed="1.321573"/>
</suite>
<status status="PASS" start="2026-02-02T14:46:14.554374" elapsed="1.365097"/>
</suite>
<statistics>
<total>
<stat pass="1" fail="0" skip="0">All Tests</stat>
</total>
<tag>
</tag>
<suite>
<stat name="Jurasstina-Kalle-Park" id="s1" pass="1" fail="0" skip="0">Jurasstina-Kalle-Park</stat>
<stat name="Test" id="s1-s1" pass="1" fail="0" skip="0">Jurasstina-Kalle-Park.Test</stat>
<stat name="Jurasic" id="s1-s1-s1" pass="1" fail="0" skip="0">Jurasstina-Kalle-Park.Test.Jurasic</stat>
</suite>
</statistics>
<errors>
</errors>
</robot>
